<?xml version="1.0" encoding="UTF-8"?>
<testsuites>
  <testsuite name="CodeIgniter Application Test Suite" tests="1" assertions="1" failures="0" errors="0" time="0.019757">
    <testsuite name="Welcome_test" file="/home/vagrant/final-project/application/tests/controllers/Welcome_test.php" tests="1" assertions="1" failures="0" errors="0" time="0.019757">
      <testcase name="test_index" class="Welcome_test" file="/home/vagrant/final-project/application/tests/controllers/Welcome_test.php" line="13" assertions="1" time="0.019757"/>
    </testsuite>
  </testsuite>
</testsuites>
